# JRE version: OpenJDK Runtime Environment Temurin-21.0.2+13 (21.0.2+13) (build 21.0.2+13-LTS)
# Java VM: OpenJDK 64-Bit Server VM Temurin-21.0.2+13 (21.0.2+13-LTS, mixed mode, tiered, compressed oops, compressed class ptrs, g1 gc, windows-amd64)
GC Precious Log:
 CardTable entry size: 512
 Card Set container configuration: InlinePtr #cards 4 size 8 Array Of Cards #cards 16 size 48 Howl #buckets 8 coarsen threshold 3686 Howl Bitmap #cards 512 size 80 coarsen threshold 460 Card regions per heap region 1 cards per card region 4096
 CPUs: 20 total, 20 available
 Memory: 16074M
 Large Page Support: Disabled
 NUMA Support: Disabled
 Compressed Oops: Enabled (Zero based)
 Heap Region Size: 2M
 Heap Min Capacity: 8M
 Heap Initial Capacity: 252M
 Heap Max Capacity: 4020M
 Pre-touch: Disabled
 Parallel Workers: 15
 Concurrent Workers: 4
 Concurrent Refinement Workers: 15
 Periodic GC: Disabled
Heap:
 garbage-first heap   total 376832K, used 303014K [0x0000000704c00000, 0x0000000800000000)
  region size 2048K, 96 young (196608K), 7 survivors (14336K)
 Metaspace       used 86131K, committed 86784K, reserved 1179648K
  class space    used 10933K, committed 11200K, reserved 1048576K
GC Heap History (20 events):
Event: 108336.882 GC heap before
{Heap before GC invocations=128 (full 0):
 garbage-first heap   total 376832K, used 334119K [0x0000000704c00000, 0x0000000800000000)
  region size 2048K, 110 young (225280K), 8 survivors (16384K)
 Metaspace       used 85820K, committed 86464K, reserved 1179648K
  class space    used 10927K, committed 11200K, reserved 1048576K
}
Event: 108336.890 GC heap after
{Heap after GC invocations=129 (full 0):
 garbage-first heap   total 376832K, used 124161K [0x0000000704c00000, 0x0000000800000000)
  region size 2048K, 7 young (14336K), 7 survivors (14336K)
 Metaspace       used 85820K, committed 86464K, reserved 1179648K
  class space    used 10927K, committed 11200K, reserved 1048576K
}
Event: 108414.163 GC heap before
{Heap before GC invocations=129 (full 0):
 garbage-first heap   total 376832K, used 333057K [0x0000000704c00000, 0x0000000800000000)
  region size 2048K, 110 young (225280K), 7 survivors (14336K)
 Metaspace       used 85837K, committed 86464K, reserved 1179648K
  class space    used 10927K, committed 11200K, reserved 1048576K
}
Event: 108414.175 GC heap after
{Heap after GC invocations=130 (full 0):
 garbage-first heap   total 376832K, used 121709K [0x0000000704c00000, 0x0000000800000000)
  region size 2048K, 7 young (14336K), 7 survivors (14336K)
 Metaspace       used 85837K, committed 86464K, reserved 1179648K
  class space    used 10927K, committed 11200K, reserved 1048576K
}
Event: 108492.267 GC heap before
{Heap before GC invocations=130 (full 0):
 garbage-first heap   total 376832K, used 330605K [0x0000000704c00000, 0x0000000800000000)
  region size 2048K, 110 young (225280K), 7 survivors (14336K)
 Metaspace       used 85875K, committed 86528K, reserved 1179648K
  class space    used 10927K, committed 11200K, reserved 1048576K
}
Event: 108492.277 GC heap after
{Heap after GC invocations=131 (full 0):
 garbage-first heap   total 376832K, used 120325K [0x0000000704c00000, 0x0000000800000000)
  region size 2048K, 6 young (12288K), 6 survivors (12288K)
 Metaspace       used 85875K, committed 86528K, reserved 1179648K
  class space    used 10927K, committed 11200K, reserved 1048576K
}
Event: 108623.937 GC heap before
{Heap before GC invocations=132 (full 0):
 garbage-first heap   total 376832K, used 333317K [0x0000000704c00000, 0x0000000800000000)
  region size 2048K, 110 young (225280K), 6 survivors (12288K)
 Metaspace       used 85946K, committed 86592K, reserved 1179648K
  class space    used 10928K, committed 11200K, reserved 1048576K
}
Event: 108623.946 GC heap after
{Heap after GC invocations=133 (full 0):
 garbage-first heap   total 376832K, used 126612K [0x0000000704c00000, 0x0000000800000000)
  region size 2048K, 9 young (18432K), 9 survivors (18432K)
 Metaspace       used 85946K, committed 86592K, reserved 1179648K
  class space    used 10928K, committed 11200K, reserved 1048576K
}
Event: 108652.779 GC heap before
{Heap before GC invocations=133 (full 0):
 garbage-first heap   total 376832K, used 333460K [0x0000000704c00000, 0x0000000800000000)
  region size 2048K, 110 young (225280K), 9 survivors (18432K)
 Metaspace       used 85992K, committed 86592K, reserved 1179648K
  class space    used 10928K, committed 11200K, reserved 1048576K
}
Event: 108652.789 GC heap after
{Heap after GC invocations=134 (full 0):
 garbage-first heap   total 376832K, used 124276K [0x0000000704c00000, 0x0000000800000000)
  region size 2048K, 8 young (16384K), 8 survivors (16384K)
 Metaspace       used 85992K, committed 86592K, reserved 1179648K
  class space    used 10928K, committed 11200K, reserved 1048576K
}
Event: 108675.603 GC heap before
{Heap before GC invocations=134 (full 0):
 garbage-first heap   total 376832K, used 333172K [0x0000000704c00000, 0x0000000800000000)
  region size 2048K, 110 young (225280K), 8 survivors (16384K)
 Metaspace       used 86011K, committed 86656K, reserved 1179648K
  class space    used 10928K, committed 11200K, reserved 1048576K
}
Event: 108675.609 GC heap after
{Heap after GC invocations=135 (full 0):
 garbage-first heap   total 376832K, used 122197K [0x0000000704c00000, 0x0000000800000000)
  region size 2048K, 7 young (14336K), 7 survivors (14336K)
 Metaspace       used 86011K, committed 86656K, reserved 1179648K
  class space    used 10928K, committed 11200K, reserved 1048576K
}
Event: 108854.931 GC heap before
{Heap before GC invocations=136 (full 0):
 garbage-first heap   total 376832K, used 333141K [0x0000000704c00000, 0x0000000800000000)
  region size 2048K, 110 young (225280K), 7 survivors (14336K)
 Metaspace       used 86034K, committed 86656K, reserved 1179648K
  class space    used 10930K, committed 11200K, reserved 1048576K
}
Event: 108854.940 GC heap after
{Heap after GC invocations=137 (full 0):
 garbage-first heap   total 376832K, used 126407K [0x0000000704c00000, 0x0000000800000000)
  region size 2048K, 9 young (18432K), 9 survivors (18432K)
 Metaspace       used 86034K, committed 86656K, reserved 1179648K
  class space    used 10930K, committed 11200K, reserved 1048576K
}
Event: 109012.633 GC heap before
{Heap before GC invocations=137 (full 0):
 garbage-first heap   total 376832K, used 333255K [0x0000000704c00000, 0x0000000800000000)
  region size 2048K, 110 young (225280K), 9 survivors (18432K)
 Metaspace       used 86062K, committed 86656K, reserved 1179648K
  class space    used 10931K, committed 11200K, reserved 1048576K
}
Event: 109012.643 GC heap after
{Heap after GC invocations=138 (full 0):
 garbage-first heap   total 376832K, used 122400K [0x0000000704c00000, 0x0000000800000000)
  region size 2048K, 7 young (14336K), 7 survivors (14336K)
 Metaspace       used 86062K, committed 86656K, reserved 1179648K
  class space    used 10931K, committed 11200K, reserved 1048576K
}
Event: 109018.081 GC heap before
{Heap before GC invocations=138 (full 0):
 garbage-first heap   total 376832K, used 333344K [0x0000000704c00000, 0x0000000800000000)
  region size 2048K, 110 young (225280K), 7 survivors (14336K)
 Metaspace       used 86063K, committed 86656K, reserved 1179648K
  class space    used 10931K, committed 11200K, reserved 1048576K
}
Event: 109018.088 GC heap after
{Heap after GC invocations=139 (full 0):
 garbage-first heap   total 376832K, used 123249K [0x0000000704c00000, 0x0000000800000000)
  region size 2048K, 7 young (14336K), 7 survivors (14336K)
 Metaspace       used 86063K, committed 86656K, reserved 1179648K
  class space    used 10931K, committed 11200K, reserved 1048576K
}
Event: 109347.096 GC heap before
{Heap before GC invocations=140 (full 0):
 garbage-first heap   total 376832K, used 334193K [0x0000000704c00000, 0x0000000800000000)
  region size 2048K, 110 young (225280K), 7 survivors (14336K)
 Metaspace       used 86098K, committed 86656K, reserved 1179648K
  class space    used 10933K, committed 11200K, reserved 1048576K
}
Event: 109347.108 GC heap after
{Heap after GC invocations=141 (full 0):
 garbage-first heap   total 376832K, used 122790K [0x0000000704c00000, 0x0000000800000000)
  region size 2048K, 7 young (14336K), 7 survivors (14336K)
 Metaspace       used 86098K, committed 86656K, reserved 1179648K
  class space    used 10933K, committed 11200K, reserved 1048576K
}

